{
  "stats": {
    "suites": 1,
    "tests": 1,
    "passes": 1,
    "pending": 0,
    "failures": 0,
    "start": "2022-08-12T14:51:55.498Z",
    "end": "2022-08-12T14:51:55.664Z",
    "duration": 166,
    "testsRegistered": 1,
    "passPercent": 100,
    "pendingPercent": 0,
    "other": 0,
    "hasOther": false,
    "skipped": 0,
    "hasSkipped": false
  },
  "results": [
    {
      "uuid": "29c96948-191d-4081-8804-187014edf308",
      "title": "",
      "fullFile": "/Users/victoria.oliveira/Desktop/QA/Bootcamp/bootcampAPI/test/GetPokeAPI/test.js",
      "file": "/test/GetPokeAPI/test.js",
      "beforeHooks": [],
      "afterHooks": [],
      "tests": [],
      "suites": [
        {
          "uuid": "3059ed4b-860f-4600-9446-da864f82718f",
          "title": "GET Poke/API",
          "fullFile": "/Users/victoria.oliveira/Desktop/QA/Bootcamp/bootcampAPI/test/GetPokeAPI/test.js",
          "file": "/test/GetPokeAPI/test.js",
          "beforeHooks": [],
          "afterHooks": [],
          "tests": [
            {
              "title": "Buscar com sucesso Pokemon Eevee pela espécie - status 200",
              "fullTitle": "GET Poke/API Buscar com sucesso Pokemon Eevee pela espécie - status 200",
              "timedOut": false,
              "duration": 163,
              "state": "passed",
              "speed": "slow",
              "pass": true,
              "fail": false,
              "pending": false,
              "context": null,
              "code": "const response = await request(BASE_URL)\n.get('/pokemon-species/133/')\n.set('Accept', 'application/json')\nconsole.log(response.status);\nexpect(response.body.name).to.equal(\"eevee\");\n//expect(response.status).to.equal(200);",
              "err": {},
              "uuid": "3e6f55bc-0c9c-43d6-86ae-db1ce22d248c",
              "parentUUID": "3059ed4b-860f-4600-9446-da864f82718f",
              "isHook": false,
              "skipped": false
            }
          ],
          "suites": [],
          "passes": [
            "3e6f55bc-0c9c-43d6-86ae-db1ce22d248c"
          ],
          "failures": [],
          "pending": [],
          "skipped": [],
          "duration": 163,
          "root": false,
          "rootEmpty": false,
          "_timeout": 10000
        }
      ],
      "passes": [],
      "failures": [],
      "pending": [],
      "skipped": [],
      "duration": 0,
      "root": true,
      "rootEmpty": true,
      "_timeout": 10000
    }
  ],
  "meta": {
    "mocha": {
      "version": "10.0.0"
    },
    "mochawesome": {
      "options": {
        "quiet": false,
        "reportFilename": "mochawesome",
        "saveHtml": true,
        "saveJson": true,
        "consoleReporter": "spec",
        "useInlineDiffs": false,
        "code": true
      },
      "version": "7.1.3"
    },
    "marge": {
      "options": null,
      "version": "6.2.0"
    }
  }
}